1505570413948	geckodriver	INFO	Listening on 127.0.0.1:53073
1505570416212	geckodriver::marionette	INFO	Starting browser \\?\C:\Program Files\Mozilla Firefox\firefox.exe with args ["-marionette"]
1505570422947	addons.manager	ERROR	startup failed: [Exception... "Component returned failure code: 0x80070057 (NS_ERROR_ILLEGAL_VALUE) [nsIFile.create]"  nsresult: "0x80070057 (NS_ERROR_ILLEGAL_VALUE)"  location: "JS frame :: resource://gre/modules/FileUtils.jsm :: FileUtils_getDir :: line 70"  data: no] Stack trace: FileUtils_getDir()@resource://gre/modules/FileUtils.jsm:70 < FileUtils_getFile()@resource://gre/modules/FileUtils.jsm:42 < validateBlocklist()@resource://gre/modules/AddonManager.jsm:674 < startup()@resource://gre/modules/AddonManager.jsm:837 < startup()@resource://gre/modules/AddonManager.jsm:3145 < observe()@resource://gre/components/addonManager.js:65
JavaScript error: resource://gre/modules/AddonManager.jsm, line 1657: NS_ERROR_NOT_INITIALIZED: AddonManager is not initialized
1505570436699	Marionette	INFO	Listening on port 53081
JavaScript error: resource://gre/modules/AddonManager.jsm, line 2572: NS_ERROR_NOT_INITIALIZED: AddonManager is not initialized
1505570438043	Marionette	WARN	TLS certificate errors will be ignored for this session
1505570468155	geckodriver	INFO	Listening on 127.0.0.1:53119
1505570470282	geckodriver::marionette	INFO	Starting browser \\?\C:\Program Files\Mozilla Firefox\firefox.exe with args ["-marionette"]
1505570471535	addons.manager	ERROR	startup failed: [Exception... "Component returned failure code: 0x80070057 (NS_ERROR_ILLEGAL_VALUE) [nsIFile.create]"  nsresult: "0x80070057 (NS_ERROR_ILLEGAL_VALUE)"  location: "JS frame :: resource://gre/modules/FileUtils.jsm :: FileUtils_getDir :: line 70"  data: no] Stack trace: FileUtils_getDir()@resource://gre/modules/FileUtils.jsm:70 < FileUtils_getFile()@resource://gre/modules/FileUtils.jsm:42 < validateBlocklist()@resource://gre/modules/AddonManager.jsm:674 < startup()@resource://gre/modules/AddonManager.jsm:837 < startup()@resource://gre/modules/AddonManager.jsm:3145 < observe()@resource://gre/components/addonManager.js:65
JavaScript error: resource://gre/modules/AddonManager.jsm, line 1657: NS_ERROR_NOT_INITIALIZED: AddonManager is not initialized
1505570476073	Marionette	INFO	Listening on port 53125
JavaScript error: resource://gre/modules/AddonManager.jsm, line 2572: NS_ERROR_NOT_INITIALIZED: AddonManager is not initialized
1505570476537	Marionette	WARN	TLS certificate errors will be ignored for this session
JavaScript error: resource://app/modules/WindowsJumpLists.jsm, line 403: NS_ERROR_FILE_NOT_FOUND: Component returned failure code: 0x80520012 (NS_ERROR_FILE_NOT_FOUND) [nsIJumpListShortcut.app]
JavaScript error: resource://app/modules/WindowsJumpLists.jsm, line 403: NS_ERROR_FILE_NOT_FOUND: Component returned failure code: 0x80520012 (NS_ERROR_FILE_NOT_FOUND) [nsIJumpListShortcut.app]
JavaScript error: resource://app/modules/WindowsJumpLists.jsm, line 403: NS_ERROR_FILE_NOT_FOUND: Component returned failure code: 0x80520012 (NS_ERROR_FILE_NOT_FOUND) [nsIJumpListShortcut.app]
JavaScript error: resource://app/modules/WindowsJumpLists.jsm, line 403: NS_ERROR_FILE_NOT_FOUND: Component returned failure code: 0x80520012 (NS_ERROR_FILE_NOT_FOUND) [nsIJumpListShortcut.app]
JavaScript error: resource://gre/modules/AddonManager.jsm, line 1416: NS_ERROR_NOT_INITIALIZED: AddonManager is not initialized
JavaScript error: resource://app/modules/WindowsJumpLists.jsm, line 403: NS_ERROR_FILE_NOT_FOUND: Component returned failure code: 0x80520012 (NS_ERROR_FILE_NOT_FOUND) [nsIJumpListShortcut.app]
JavaScript error: resource://app/modules/WindowsJumpLists.jsm, line 403: NS_ERROR_FILE_NOT_FOUND: Component returned failure code: 0x80520012 (NS_ERROR_FILE_NOT_FOUND) [nsIJumpListShortcut.app]
1505571096750	Marionette	INFO	Ceased listening
AddonManager is not initialized
1505570662753	Marionette	WARN	TLS certificate errors will be ignored for this session
JavaScript error: resource://app/modules/WindowsJumpLists.jsm, line 403: NS_ERROR_FILE_NOT_FOUND: Component returned failure code: 0x80520012 (NS_ERROR_FILE_NOT_FOUND) [nsIJumpListShortcut.app]
JavaScript error: resource://app/modules/WindowsJumpLists.jsm, line 403: NS_ERROR_FILE_NOT_FOUND: Component returned failure code: 0x80520012 (NS_ERROR_FILE_NOT_FOUND) [nsIJumpListShortcut.app]
JavaScript error: resource://app/modules/WindowsJumpLists.jsm, line 403: NS_ERROR_FILE_NOT_FOUND: Component returned failure code: 0x80520012 (NS_ERROR_FILE_NOT_FOUND) [nsIJumpListShortcut.app]
JavaScript error: resource://app/modules/WindowsJumpLists.jsm, line 403: NS_ERROR_FILE_NOT_FOUND: Component returned failure code: 0x80520012 (NS_ERROR_FILE_NOT_FOUND) [nsIJumpListShortcut.app]
1505571095765	Marionette	INFO	Ceased listening
2 < validateBlocklist()@resource://gre/modules/AddonManager.jsm:674 < startup()@resource://gre/modules/AddonManager.jsm:837 < startup()@resource://gre/modules/AddonManager.jsm:3145 < observe()@resource://gre/components/addonManager.js:65
JavaScript error: resource://gre/modules/AddonManager.jsm, line 1657: NS_ERROR_NOT_INITIALIZED: AddonManager is not initialized
1505570875791	Marionette	INFO	Listening on port 53895
JavaScript error: resource://gre/modules/AddonManager.jsm, line 2572: NS_ERROR_NOT_INITIALIZED: AddonManager is not initialized
1505570876175	Marionette	WARN	TLS certificate errors will be ignored for this session
JavaScript error: resource://app/modules/WindowsJumpLists.jsm, line 403: NS_ERROR_FILE_NOT_FOUND: Component returned failure code: 0x80520012 (NS_ERROR_FILE_NOT_FOUND) [nsIJumpListShortcut.app]
JavaScript error: resource://app/modules/WindowsJumpLists.jsm, line 403: NS_ERROR_FILE_NOT_FOUND: Component returned failure code: 0x80520012 (NS_ERROR_FILE_NOT_FOUND) [nsIJumpListShortcut.app]
1505571094806	Marionette	INFO	Ceased listening
d: [Exception... "Component returned failure code: 0x80070057 (NS_ERROR_ILLEGAL_VALUE) [nsIFile.create]"  nsresult: "0x80070057 (NS_ERROR_ILLEGAL_VALUE)"  location: "JS frame :: resource://gre/modules/FileUtils.jsm :: FileUtils_getDir :: line 70"  data: no] Stack trace: FileUtils_getDir()@resource://gre/modules/FileUtils.jsm:70 < FileUtils_getFile()@resource://gre/modules/FileUtils.jsm:42 < validateBlocklist()@resource://gre/modules/AddonManager.jsm:674 < startup()@resource://gre/modules/AddonManager.jsm:837 < startup()@resource://gre/modules/AddonManager.jsm:3145 < observe()@resource://gre/components/addonManager.js:65
JavaScript error: resource://gre/modules/AddonManager.jsm, line 1657: NS_ERROR_NOT_INITIALIZED: AddonManager is not initialized
1505571004447	Marionette	INFO	Listening on port 54267
JavaScript error: resource://gre/modules/AddonManager.jsm, line 2572: NS_ERROR_NOT_INITIALIZED: AddonManager is not initialized
1505571004920	Marionette	WARN	TLS certificate errors will be ignored for this session
JavaScript error: resource://app/modules/WindowsJumpLists.jsm, line 403: NS_ERROR_FILE_NOT_FOUND: Component returned failure code: 0x80520012 (NS_ERROR_FILE_NOT_FOUND) [nsIJumpListShortcut.app]
1505571093425	Marionette	INFO	Ceased listening
d: [Exception... "Component returned failure code: 0x80070057 (NS_ERROR_ILLEGAL_VALUE) [nsIFile.create]"  nsresult: "0x80070057 (NS_ERROR_ILLEGAL_VALUE)"  location: "JS frame :: resource://gre/modules/FileUtils.jsm :: FileUtils_getDir :: line 70"  data: no] Stack trace: FileUtils_getDir()@resource://gre/modules/FileUtils.jsm:70 < FileUtils_getFile()@resource://gre/modules/FileUtils.jsm:42 < validateBlocklist()@resource://gre/modules/AddonManager.jsm:674 < startup()@resource://gre/modules/AddonManager.jsm:837 < startup()@resource://gre/modules/AddonManager.jsm:3145 < observe()@resource://gre/components/addonManager.js:65
JavaScript error: resource://gre/modules/AddonManager.jsm, line 1657: NS_ERROR_NOT_INITIALIZED: AddonManager is not initialized
1505571070820	Marionette	INFO	Listening on port 54395
JavaScript error: resource://gre/modules/AddonManager.jsm, line 2572: NS_ERROR_NOT_INITIALIZED: AddonManager is not initialized
1505571072073	Marionette	WARN	TLS certificate errors will be ignored for this session
JavaScript error: resource://app/modules/WindowsJumpLists.jsm, line 403: NS_ERROR_FILE_NOT_FOUND: Component returned failure code: 0x80520012 (NS_ERROR_FILE_NOT_FOUND) [nsIJumpListShortcut.app]
1505571086027	Marionette	INFO	Ceased listening
1505571248175	geckodriver	INFO	Listening on 127.0.0.1:54923
1505571250291	geckodriver::marionette	INFO	Starting browser \\?\C:\Program Files\Mozilla Firefox\firefox.exe with args ["-marionette"]
1505571250587	addons.manager	ERROR	startup failed: [Exception... "Component returned failure code: 0x80070057 (NS_ERROR_ILLEGAL_VALUE) [nsIFile.create]"  nsresult: "0x80070057 (NS_ERROR_ILLEGAL_VALUE)"  location: "JS frame :: resource://gre/modules/FileUtils.jsm :: FileUtils_getDir :: line 70"  data: no] Stack trace: FileUtils_getDir()@resource://gre/modules/FileUtils.jsm:70 < FileUtils_getFile()@resource://gre/modules/FileUtils.jsm:42 < validateBlocklist()@resource://gre/modules/AddonManager.jsm:674 < startup()@resource://gre/modules/AddonManager.jsm:837 < startup()@resource://gre/modules/AddonManager.jsm:3145 < observe()@resource://gre/components/addonManager.js:65
JavaScript error: resource://gre/modules/AddonManager.jsm, line 1657: NS_ERROR_NOT_INITIALIZED: AddonManager is not initialized
1505571254740	Marionette	INFO	Listening on port 54933
JavaScript error: resource://gre/modules/AddonManager.jsm, line 2572: NS_ERROR_NOT_INITIALIZED: AddonManager is not initialized
1505571255540	Marionette	WARN	TLS certificate errors will be ignored for this session
1505571288915	Marionette	INFO	Ceased listening
1505571471018	geckodriver	INFO	Listening on 127.0.0.1:55437
1505571473136	geckodriver::marionette	INFO	Starting browser \\?\C:\Program Files\Mozilla Firefox\firefox.exe with args ["-marionette"]
1505571473531	addons.manager	ERROR	startup failed: [Exception... "Component returned failure code: 0x80070057 (NS_ERROR_ILLEGAL_VALUE) [nsIFile.create]"  nsresult: "0x80070057 (NS_ERROR_ILLEGAL_VALUE)"  location: "JS frame :: resource://gre/modules/FileUtils.jsm :: FileUtils_getDir :: line 70"  data: no] Stack trace: FileUtils_getDir()@resource://gre/modules/FileUtils.jsm:70 < FileUtils_getFile()@resource://gre/modules/FileUtils.jsm:42 < validateBlocklist()@resource://gre/modules/AddonManager.jsm:656 < startup()@resource://gre/modules/AddonManager.jsm:816 < startup()@resource://gre/modules/AddonManager.jsm:3122 < observe()@jar:file://///%3F/C:/Program%20Files/Mozilla%20Firefox/omni.ja!/components/addonManager.js:65
JavaScript error: resource://gre/modules/AddonManager.jsm, line 1596: NS_ERROR_NOT_INITIALIZED: AddonManager is not initialized
1505571474303	Marionette	INFO	Enabled via --marionette
Unable to read VR Path Registry from C:\Users\Poonit\AppData\Local\openvr\openvrpaths.vrpath
JavaScript error: resource://gre/modules/AddonManager.jsm, line 2465: NS_ERROR_NOT_INITIALIZED: AddonManager is not initialized
JavaScript error: resource://gre/modules/AddonManager.jsm, line 3137: TypeError: AddonManagerInternal._getProviderByName(...) is undefined
1505571478956	Marionette	INFO	Listening on port 55444
1505571479081	Marionette	INFO	Listening on port 55444
1505571479455	Marionette	WARN	TLS certificate errors will be ignored for this session
1505571489924	addons.productaddons	WARN	Failed downloading XML, status: 0, reason: error
1505571500087	addons.productaddons	WARN	Failed downloading via XHR, status: 0, reason: error
1505571500091	addons.productaddons	WARN	Failed downloading via XHR, status: 0, reason: error
JavaScript error: resource:///modules/WindowsJumpLists.jsm, line 394: NS_ERROR_FILE_NOT_FOUND: Component returned failure code: 0x80520012 (NS_ERROR_FILE_NOT_FOUND) [nsIJumpListShortcut.app]
JavaScript error: resource://gre/modules/JSONFile.jsm, line 159: Error: Data is not ready.
JavaScript error: resource://gre/modules/JSONFile.jsm, line 159: Error: Data is not ready.
JavaScript error: resource://gre/modules/JSONFile.jsm, line 159: Error: Data is not ready.
JavaScript error: resource://gre/modules/JSONFile.jsm, line 159: Error: Data is not ready.
1505571543863	geckodriver	INFO	Listening on 127.0.0.1:55562
1505571545986	geckodriver::marionette	INFO	Starting browser \\?\C:\Program Files\Mozilla Firefox\firefox.exe with args ["-marionette"]
1505571546354	addons.manager	ERROR	startup failed: [Exception... "Component returned failure code: 0x80070057 (NS_ERROR_ILLEGAL_VALUE) [nsIFile.create]"  nsresult: "0x80070057 (NS_ERROR_ILLEGAL_VALUE)"  location: "JS frame :: resource://gre/modules/FileUtils.jsm :: FileUtils_getDir :: line 70"  data: no] Stack trace: FileUtils_getDir()@resource://gre/modules/FileUtils.jsm:70 < FileUtils_getFile()@resource://gre/modules/FileUtils.jsm:42 < validateBlocklist()@resource://gre/modules/AddonManager.jsm:656 < startup()@resource://gre/modules/AddonManager.jsm:816 < startup()@resource://gre/modules/AddonManager.jsm:3122 < observe()@jar:file://///%3F/C:/Program%20Files/Mozilla%20Firefox/omni.ja!/components/addonManager.js:65
JavaScript error: resource://gre/modules/AddonManager.jsm, line 1596: NS_ERROR_NOT_INITIALIZED: AddonManager is not initialized
1505571547109	Marionette	INFO	Enabled via --marionette
Unable to read VR Path Registry from C:\Users\Poonit\AppData\Local\openvr\openvrpaths.vrpath
JavaScript error: resource://gre/modules/AddonManager.jsm, line 2465: NS_ERROR_NOT_INITIALIZED: AddonManager is not initialized
JavaScript error: resource://gre/modules/AddonManager.jsm, line 3137: TypeError: AddonManagerInternal._getProviderByName(...) is undefined
1505571551321	Marionette	INFO	Listening on port 55607
1505571551379	Marionette	INFO	Listening on port 55607
1505571551837	Marionette	WARN	TLS certificate errors will be ignored for this session
Marionette threw an error: [Exception... "Component returned failure code: 0x80070057 (NS_ERROR_ILLEGAL_VALUE) [nsIMessageSender.sendAsyncMessage]"  nsresult: "0x80070057 (NS_ERROR_ILLEGAL_VALUE)"  location: "JS frame :: chrome://marionette/content/proxy.js :: sendReply_ :: line 195"  data: no]
sendReply_@chrome://marionette/content/proxy.js:195:5
reply@chrome://marionette/content/proxy.js:175:7
sendToServer@chrome://marionette/content/listener.js:641:3
sendError@chrome://marionette/content/listener.js:675:3
dispatch/</<@chrome://marionette/content/listener.js:443:40
process@resource://gre/modules/Promise.jsm -> resource://gre/modules/Promise-backend.js:925:21
walkerLoop@resource://gre/modules/Promise.jsm -> resource://gre/modules/Promise-backend.js:806:7
scheduleWalkerLoop/<@resource://gre/modules/Promise.jsm -> resource://gre/modules/Promise-backend.js:742:11

1505571585278	geckodriver	INFO	Listening on 127.0.0.1:55797
1505571587395	geckodriver::marionette	INFO	Starting browser \\?\C:\Program Files\Mozilla Firefox\firefox.exe with args ["-marionette"]
1505571588488	addons.manager	ERROR	startup failed: [Exception... "Component returned failure code: 0x80070057 (NS_ERROR_ILLEGAL_VALUE) [nsIFile.create]"  nsresult: "0x80070057 (NS_ERROR_ILLEGAL_VALUE)"  location: "JS frame :: resource://gre/modules/FileUtils.jsm :: FileUtils_getDir :: line 70"  data: no] Stack trace: FileUtils_getDir()@resource://gre/modules/FileUtils.jsm:70 < FileUtils_getFile()@resource://gre/modules/FileUtils.jsm:42 < validateBlocklist()@resource://gre/modules/AddonManager.jsm:656 < startup()@resource://gre/modules/AddonManager.jsm:816 < startup()@resource://gre/modules/AddonManager.jsm:3122 < observe()@jar:file://///%3F/C:/Program%20Files/Mozilla%20Firefox/omni.ja!/components/addonManager.js:65
JavaScript error: resource://gre/modules/AddonManager.jsm, line 1596: NS_ERROR_NOT_INITIALIZED: AddonManager is not initialized
1505571589090	Marionette	INFO	Enabled via --marionette
Unable to read VR Path Registry from C:\Users\Poonit\AppData\Local\openvr\openvrpaths.vrpath
JavaScript error: resource://gre/modules/AddonManager.jsm, line 2465: NS_ERROR_NOT_INITIALIZED: AddonManager is not initialized
JavaScript error: resource://gre/modules/AddonManager.jsm, line 3137: TypeError: AddonManagerInternal._getProviderByName(...) is undefined
1505571592717	Marionette	INFO	Listening on port 55805
1505571592738	Marionette	INFO	Listening on port 55805
1505571593164	Marionette	WARN	TLS certificate errors will be ignored for this session
JavaScript error: resource:///modules/WindowsJumpLists.jsm, line 394: NS_ERROR_FILE_NOT_FOUND: Component returned failure code: 0x80520012 (NS_ERROR_FILE_NOT_FOUND) [nsIJumpListShortcut.app]
JavaScript error: resource:///modules/WindowsJumpLists.jsm, line 394: NS_ERROR_FILE_NOT_FOUND: Component returned failure code: 0x80520012 (NS_ERROR_FILE_NOT_FOUND) [nsIJumpListShortcut.app]
JavaScript error: resource:///modules/WindowsJumpLists.jsm, line 394: NS_ERROR_FILE_NOT_FOUND: Component returned failure code: 0x80520012 (NS_ERROR_FILE_NOT_FOUND) [nsIJumpListShortcut.app]
JavaScript error: resource:///modules/WindowsJumpLists.jsm, line 394: NS_ERROR_FILE_NOT_FOUND: Component returned failure code: 0x80520012 (NS_ERROR_FILE_NOT_FOUND) [nsIJumpListShortcut.app]
JavaScript error: resource://gre/modules/AddonManager.jsm, line 1359: NS_ERROR_NOT_INITIALIZED: AddonManager is not initialized
artup()@resource://gre/modules/AddonManager.jsm:816 < startup()@resource://gre/modules/AddonManager.jsm:3122 < observe()@jar:file://///%3F/C:/Program%20Files/Mozilla%20Firefox/omni.ja!/components/addonManager.js:65
JavaScript error: resource://gre/modules/AddonManager.jsm, line 1596: NS_ERROR_NOT_INITIALIZED: AddonManager is not initialized
1505571754951	Marionette	INFO	Enabled via --marionette
Unable to read VR Path Registry from C:\Users\Poonit\AppData\Local\openvr\openvrpaths.vrpath
JavaScript error: resource://gre/modules/AddonManager.jsm, line 2465: NS_ERROR_NOT_INITIALIZED: AddonManager is not initialized
JavaScript error: resource://gre/modules/AddonManager.jsm, line 3137: TypeError: AddonManagerInternal._getProviderByName(...) is undefined
1505571758842	Marionette	INFO	Listening on port 56143
1505571758878	Marionette	INFO	Listening on port 56143
1505571759284	Marionette	WARN	TLS certificate errors will be ignored for this session
JavaScript error: resource:///modules/WindowsJumpLists.jsm, line 394: NS_ERROR_FILE_NOT_FOUND: Component returned failure code: 0x80520012 (NS_ERROR_FILE_NOT_FOUND) [nsIJumpListShortcut.app]
JavaScript error: resource:///modules/WindowsJumpLists.jsm, line 394: NS_ERROR_FILE_NOT_FOUND: Component returned failure code: 0x80520012 (NS_ERROR_FILE_NOT_FOUND) [nsIJumpListShortcut.app]
JavaScript error: resource:///modules/WindowsJumpLists.jsm, line 394: NS_ERROR_FILE_NOT_FOUND: Component returned failure code: 0x80520012 (NS_ERROR_FILE_NOT_FOUND) [nsIJumpListShortcut.app]
ileUtils_getFile()@resource://gre/modules/FileUtils.jsm:42 < validateBlocklist()@resource://gre/modules/AddonManager.jsm:656 < startup()@resource://gre/modules/AddonManager.jsm:816 < startup()@resource://gre/modules/AddonManager.jsm:3122 < observe()@jar:file://///%3F/C:/Program%20Files/Mozilla%20Firefox/omni.ja!/components/addonManager.js:65
JavaScript error: resource://gre/modules/AddonManager.jsm, line 1596: NS_ERROR_NOT_INITIALIZED: AddonManager is not initialized
1505571791283	Marionette	INFO	Enabled via --marionette
Unable to read VR Path Registry from C:\Users\Poonit\AppData\Local\openvr\openvrpaths.vrpath
JavaScript error: resource://gre/modules/AddonManager.jsm, line 2465: NS_ERROR_NOT_INITIALIZED: AddonManager is not initialized
JavaScript error: resource://gre/modules/AddonManager.jsm, line 3137: TypeError: AddonManagerInternal._getProviderByName(...) is undefined
1505571795214	Marionette	INFO	Listening on port 56268
1505571795260	Marionette	INFO	Listening on port 56268
1505571795563	Marionette	WARN	TLS certificate errors will be ignored for this session
JavaScript error: resource:///modules/WindowsJumpLists.jsm, line 394: NS_ERROR_FILE_NOT_FOUND: Component returned failure code: 0x80520012 (NS_ERROR_FILE_NOT_FOUND) [nsIJumpListShortcut.app]
JavaScript error: resource:///modules/WindowsJumpLists.jsm, line 394: NS_ERROR_FILE_NOT_FOUND: Component returned failure code: 0x80520012 (NS_ERROR_FILE_NOT_FOUND) [nsIJumpListShortcut.app]
EGAL_VALUE)"  location: "JS frame :: resource://gre/modules/FileUtils.jsm :: FileUtils_getDir :: line 70"  data: no] Stack trace: FileUtils_getDir()@resource://gre/modules/FileUtils.jsm:70 < FileUtils_getFile()@resource://gre/modules/FileUtils.jsm:42 < validateBlocklist()@resource://gre/modules/AddonManager.jsm:656 < startup()@resource://gre/modules/AddonManager.jsm:816 < startup()@resource://gre/modules/AddonManager.jsm:3122 < observe()@jar:file://///%3F/C:/Program%20Files/Mozilla%20Firefox/omni.ja!/components/addonManager.js:65
JavaScript error: resource://gre/modules/AddonManager.jsm, line 1596: NS_ERROR_NOT_INITIALIZED: AddonManager is not initialized
1505571854550	Marionette	INFO	Enabled via --marionette
Unable to read VR Path Registry from C:\Users\Poonit\AppData\Local\openvr\openvrpaths.vrpath
JavaScript error: resource://gre/modules/AddonManager.jsm, line 2465: NS_ERROR_NOT_INITIALIZED: AddonManager is not initialized
JavaScript error: resource://gre/modules/AddonManager.jsm, line 3137: TypeError: AddonManagerInternal._getProviderByName(...) is undefined
1505571858759	Marionette	INFO	Listening on port 56437
1505571858781	Marionette	INFO	Listening on port 56437
1505571858873	Marionette	WARN	TLS certificate errors will be ignored for this session
JavaScript error: resource:///modules/WindowsJumpLists.jsm, line 394: NS_ERROR_FILE_NOT_FOUND: Component returned failure code: 0x80520012 (NS_ERROR_FILE_NOT_FOUND) [nsIJumpListShortcut.app]
JavaScript error: resource:///modules/WindowsJumpLists.jsm, line 394: NS_ERROR_FILE_NOT_FOUND: Component returned failure code: 0x80520012 (NS_ERROR_FILE_NOT_FOUND) [nsIJumpListShortcut.app]
"]
1505572003326	addons.manager	ERROR	startup failed: [Exception... "Component returned failure code: 0x80070057 (NS_ERROR_ILLEGAL_VALUE) [nsIFile.create]"  nsresult: "0x80070057 (NS_ERROR_ILLEGAL_VALUE)"  location: "JS frame :: resource://gre/modules/FileUtils.jsm :: FileUtils_getDir :: line 70"  data: no] Stack trace: FileUtils_getDir()@resource://gre/modules/FileUtils.jsm:70 < FileUtils_getFile()@resource://gre/modules/FileUtils.jsm:42 < validateBlocklist()@resource://gre/modules/AddonManager.jsm:656 < startup()@resource://gre/modules/AddonManager.jsm:816 < startup()@resource://gre/modules/AddonManager.jsm:3122 < observe()@jar:file://///%3F/C:/Program%20Files/Mozilla%20Firefox/omni.ja!/components/addonManager.js:65
JavaScript error: resource://gre/modules/AddonManager.jsm, line 1596: NS_ERROR_NOT_INITIALIZED: AddonManager is not initialized
1505572004049	Marionette	INFO	Enabled via --marionette
Unable to read VR Path Registry from C:\Users\Poonit\AppData\Local\openvr\openvrpaths.vrpath
JavaScript error: resource://gre/modules/AddonManager.jsm, line 2465: NS_ERROR_NOT_INITIALIZED: AddonManager is not initialized
JavaScript error: resource://gre/modules/AddonManager.jsm, line 3137: TypeError: AddonManagerInternal._getProviderByName(...) is undefined
1505572008130	Marionette	INFO	Listening on port 56768
1505572008194	Marionette	WARN	TLS certificate errors will be ignored for this session
1505572008260	Marionette	INFO	Listening on port 56768
JavaScript error: resource:///modules/WindowsJumpLists.jsm, line 394: NS_ERROR_FILE_NOT_FOUND: Component returned failure code: 0x80520012 (NS_ERROR_FILE_NOT_FOUND) [nsIJumpListShortcut.app]
1505572165798	geckodriver	INFO	Listening on 127.0.0.1:57107
1505572167668	geckodriver::marionette	INFO	Starting browser \\?\C:\Program Files\Mozilla Firefox\firefox.exe with args ["-marionette"]
1505572169018	addons.manager	ERROR	startup failed: [Exception... "Component returned failure code: 0x80070057 (NS_ERROR_ILLEGAL_VALUE) [nsIFile.create]"  nsresult: "0x80070057 (NS_ERROR_ILLEGAL_VALUE)"  location: "JS frame :: resource://gre/modules/FileUtils.jsm :: FileUtils_getDir :: line 70"  data: no] Stack trace: FileUtils_getDir()@resource://gre/modules/FileUtils.jsm:70 < FileUtils_getFile()@resource://gre/modules/FileUtils.jsm:42 < validateBlocklist()@resource://gre/modules/AddonManager.jsm:656 < startup()@resource://gre/modules/AddonManager.jsm:816 < startup()@resource://gre/modules/AddonManager.jsm:3122 < observe()@jar:file://///%3F/C:/Program%20Files/Mozilla%20Firefox/omni.ja!/components/addonManager.js:65
JavaScript error: resource://gre/modules/AddonManager.jsm, line 1596: NS_ERROR_NOT_INITIALIZED: AddonManager is not initialized
1505572169658	Marionette	INFO	Enabled via --marionette
Unable to read VR Path Registry from C:\Users\Poonit\AppData\Local\openvr\openvrpaths.vrpath
JavaScript error: resource://gre/modules/AddonManager.jsm, line 2465: NS_ERROR_NOT_INITIALIZED: AddonManager is not initialized
JavaScript error: resource://gre/modules/AddonManager.jsm, line 3137: TypeError: AddonManagerInternal._getProviderByName(...) is undefined
1505572173655	Marionette	INFO	Listening on port 57117
1505572173781	Marionette	INFO	Listening on port 57117
1505572173913	Marionette	WARN	TLS certificate errors will be ignored for this session
JavaScript error: https://hackerearth.global.ssl.fastly.net/static/base/base1.0.1.js?vrsn=5, line 1: TypeError: $(...).live is not a function
JavaScript error: resource:///modules/WindowsJumpLists.jsm, line 394: NS_ERROR_FILE_NOT_FOUND: Component returned failure code: 0x80520012 (NS_ERROR_FILE_NOT_FOUND) [nsIJumpListShortcut.app]
JavaScript error: resource:///modules/WindowsJumpLists.jsm, line 394: NS_ERROR_FILE_NOT_FOUND: Component returned failure code: 0x80520012 (NS_ERROR_FILE_NOT_FOUND) [nsIJumpListShortcut.app]
"]
1505572348349	addons.manager	ERROR	startup failed: [Exception... "Component returned failure code: 0x80070057 (NS_ERROR_ILLEGAL_VALUE) [nsIFile.create]"  nsresult: "0x80070057 (NS_ERROR_ILLEGAL_VALUE)"  location: "JS frame :: resource://gre/modules/FileUtils.jsm :: FileUtils_getDir :: line 70"  data: no] Stack trace: FileUtils_getDir()@resource://gre/modules/FileUtils.jsm:70 < FileUtils_getFile()@resource://gre/modules/FileUtils.jsm:42 < validateBlocklist()@resource://gre/modules/AddonManager.jsm:656 < startup()@resource://gre/modules/AddonManager.jsm:816 < startup()@resource://gre/modules/AddonManager.jsm:3122 < observe()@jar:file://///%3F/C:/Program%20Files/Mozilla%20Firefox/omni.ja!/components/addonManager.js:65
JavaScript error: resource://gre/modules/AddonManager.jsm, line 1596: NS_ERROR_NOT_INITIALIZED: AddonManager is not initialized
1505572348965	Marionette	INFO	Enabled via --marionette
Unable to read VR Path Registry from C:\Users\Poonit\AppData\Local\openvr\openvrpaths.vrpath
JavaScript error: resource://gre/modules/AddonManager.jsm, line 2465: NS_ERROR_NOT_INITIALIZED: AddonManager is not initialized
JavaScript error: resource://gre/modules/AddonManager.jsm, line 3137: TypeError: AddonManagerInternal._getProviderByName(...) is undefined
1505572353225	Marionette	INFO	Listening on port 57421
1505572353244	Marionette	INFO	Listening on port 57421
1505572353359	Marionette	WARN	TLS certificate errors will be ignored for this session
JavaScript error: resource:///modules/WindowsJumpLists.jsm, line 394: NS_ERROR_FILE_NOT_FOUND: Component returned failure code: 0x80520012 (NS_ERROR_FILE_NOT_FOUND) [nsIJumpListShortcut.app]
"]
1505572382558	addons.manager	ERROR	startup failed: [Exception... "Component returned failure code: 0x80070057 (NS_ERROR_ILLEGAL_VALUE) [nsIFile.create]"  nsresult: "0x80070057 (NS_ERROR_ILLEGAL_VALUE)"  location: "JS frame :: resource://gre/modules/FileUtils.jsm :: FileUtils_getDir :: line 70"  data: no] Stack trace: FileUtils_getDir()@resource://gre/modules/FileUtils.jsm:70 < FileUtils_getFile()@resource://gre/modules/FileUtils.jsm:42 < validateBlocklist()@resource://gre/modules/AddonManager.jsm:656 < startup()@resource://gre/modules/AddonManager.jsm:816 < startup()@resource://gre/modules/AddonManager.jsm:3122 < observe()@jar:file://///%3F/C:/Program%20Files/Mozilla%20Firefox/omni.ja!/components/addonManager.js:65
JavaScript error: resource://gre/modules/AddonManager.jsm, line 1596: NS_ERROR_NOT_INITIALIZED: AddonManager is not initialized
1505572383425	Marionette	INFO	Enabled via --marionette
Unable to read VR Path Registry from C:\Users\Poonit\AppData\Local\openvr\openvrpaths.vrpath
JavaScript error: resource://gre/modules/AddonManager.jsm, line 2465: NS_ERROR_NOT_INITIALIZED: AddonManager is not initialized
JavaScript error: resource://gre/modules/AddonManager.jsm, line 3137: TypeError: AddonManagerInternal._getProviderByName(...) is undefined
1505572387555	Marionette	INFO	Listening on port 57548
1505572387605	Marionette	INFO	Listening on port 57548
1505572388094	Marionette	WARN	TLS certificate errors will be ignored for this session
1505572474912	geckodriver	INFO	Listening on 127.0.0.1:57749
1505572477098	geckodriver::marionette	INFO	Starting browser \\?\C:\Program Files\Mozilla Firefox\firefox.exe with args ["-marionette"]
1505572477341	addons.manager	ERROR	startup failed: [Exception... "Component returned failure code: 0x80070057 (NS_ERROR_ILLEGAL_VALUE) [nsIFile.create]"  nsresult: "0x80070057 (NS_ERROR_ILLEGAL_VALUE)"  location: "JS frame :: resource://gre/modules/FileUtils.jsm :: FileUtils_getDir :: line 70"  data: no] Stack trace: FileUtils_getDir()@resource://gre/modules/FileUtils.jsm:70 < FileUtils_getFile()@resource://gre/modules/FileUtils.jsm:42 < validateBlocklist()@resource://gre/modules/AddonManager.jsm:656 < startup()@resource://gre/modules/AddonManager.jsm:816 < startup()@resource://gre/modules/AddonManager.jsm:3122 < observe()@jar:file://///%3F/C:/Program%20Files/Mozilla%20Firefox/omni.ja!/components/addonManager.js:65
JavaScript error: resource://gre/modules/AddonManager.jsm, line 1596: NS_ERROR_NOT_INITIALIZED: AddonManager is not initialized
1505572477959	Marionette	INFO	Enabled via --marionette
Unable to read VR Path Registry from C:\Users\Poonit\AppData\Local\openvr\openvrpaths.vrpath
JavaScript error: resource://gre/modules/AddonManager.jsm, line 2465: NS_ERROR_NOT_INITIALIZED: AddonManager is not initialized
JavaScript error: resource://gre/modules/AddonManager.jsm, line 3137: TypeError: AddonManagerInternal._getProviderByName(...) is undefined
1505572482245	Marionette	INFO	Listening on port 57763
1505572482319	Marionette	INFO	Listening on port 57763
1505572482397	Marionette	WARN	TLS certificate errors will be ignored for this session
JavaScript error: resource:///modules/WindowsJumpLists.jsm, line 394: NS_ERROR_FILE_NOT_FOUND: Component returned failure code: 0x80520012 (NS_ERROR_FILE_NOT_FOUND) [nsIJumpListShortcut.app]
1505572772023	geckodriver	INFO	Listening on 127.0.0.1:58233
1505572774178	geckodriver::marionette	INFO	Starting browser \\?\C:\Program Files\Mozilla Firefox\firefox.exe with args ["-marionette"]
1505572774475	addons.manager	ERROR	startup failed: [Exception... "Component returned failure code: 0x80070057 (NS_ERROR_ILLEGAL_VALUE) [nsIFile.create]"  nsresult: "0x80070057 (NS_ERROR_ILLEGAL_VALUE)"  location: "JS frame :: resource://gre/modules/FileUtils.jsm :: FileUtils_getDir :: line 70"  data: no] Stack trace: FileUtils_getDir()@resource://gre/modules/FileUtils.jsm:70 < FileUtils_getFile()@resource://gre/modules/FileUtils.jsm:42 < validateBlocklist()@resource://gre/modules/AddonManager.jsm:656 < startup()@resource://gre/modules/AddonManager.jsm:816 < startup()@resource://gre/modules/AddonManager.jsm:3122 < observe()@jar:file://///%3F/C:/Program%20Files/Mozilla%20Firefox/omni.ja!/components/addonManager.js:65
JavaScript error: resource://gre/modules/AddonManager.jsm, line 1596: NS_ERROR_NOT_INITIALIZED: AddonManager is not initialized
1505572775150	Marionette	INFO	Enabled via --marionette
Unable to read VR Path Registry from C:\Users\Poonit\AppData\Local\openvr\openvrpaths.vrpath
JavaScript error: resource://gre/modules/AddonManager.jsm, line 2465: NS_ERROR_NOT_INITIALIZED: AddonManager is not initialized
JavaScript error: resource://gre/modules/AddonManager.jsm, line 3137: TypeError: AddonManagerInternal._getProviderByName(...) is undefined
1505572779073	Marionette	INFO	Listening on port 58239
1505572779096	Marionette	INFO	Listening on port 58239
1505572779562	Marionette	WARN	TLS certificate errors will be ignored for this session
1505572822093	geckodriver	INFO	Listening on 127.0.0.1:58389
1505572824309	geckodriver::marionette	INFO	Starting browser \\?\C:\Program Files\Mozilla Firefox\firefox.exe with args ["-marionette"]
1505572824566	addons.manager	ERROR	startup failed: [Exception... "Component returned failure code: 0x80070057 (NS_ERROR_ILLEGAL_VALUE) [nsIFile.create]"  nsresult: "0x80070057 (NS_ERROR_ILLEGAL_VALUE)"  location: "JS frame :: resource://gre/modules/FileUtils.jsm :: FileUtils_getDir :: line 70"  data: no] Stack trace: FileUtils_getDir()@resource://gre/modules/FileUtils.jsm:70 < FileUtils_getFile()@resource://gre/modules/FileUtils.jsm:42 < validateBlocklist()@resource://gre/modules/AddonManager.jsm:656 < startup()@resource://gre/modules/AddonManager.jsm:816 < startup()@resource://gre/modules/AddonManager.jsm:3122 < observe()@jar:file://///%3F/C:/Program%20Files/Mozilla%20Firefox/omni.ja!/components/addonManager.js:65
JavaScript error: resource://gre/modules/AddonManager.jsm, line 1596: NS_ERROR_NOT_INITIALIZED: AddonManager is not initialized
1505572825396	Marionette	INFO	Enabled via --marionette
Unable to read VR Path Registry from C:\Users\Poonit\AppData\Local\openvr\openvrpaths.vrpath
JavaScript error: resource://gre/modules/AddonManager.jsm, line 2465: NS_ERROR_NOT_INITIALIZED: AddonManager is not initialized
JavaScript error: resource://gre/modules/AddonManager.jsm, line 3137: TypeError: AddonManagerInternal._getProviderByName(...) is undefined
1505572829356	Marionette	INFO	Listening on port 58395
1505572829366	Marionette	INFO	Listening on port 58395
1505572829637	Marionette	WARN	TLS certificate errors will be ignored for this session
JavaScript error: resource:///modules/WindowsJumpLists.jsm, line 394: NS_ERROR_FILE_NOT_FOUND: Component returned failure code: 0x80520012 (NS_ERROR_FILE_NOT_FOUND) [nsIJumpListShortcut.app]
JavaScript error: resource:///modules/WindowsJumpLists.jsm, line 394: NS_ERROR_FILE_NOT_FOUND: Component returned failure code: 0x80520012 (NS_ERROR_FILE_NOT_FOUND) [nsIJumpListShortcut.app]
JavaScript error: resource:///modules/WindowsJumpLists.jsm, line 394: NS_ERROR_FILE_NOT_FOUND: Component returned failure code: 0x80520012 (NS_ERROR_FILE_NOT_FOUND) [nsIJumpListShortcut.app]
JavaScript error: resource:///modules/WindowsJumpLists.jsm, line 394: NS_ERROR_FILE_NOT_FOUND: Component returned failure code: 0x80520012 (NS_ERROR_FILE_NOT_FOUND) [nsIJumpListShortcut.app]
JavaScript error: resource://gre/modules/AddonManager.jsm, line 1359: NS_ERROR_NOT_INITIALIZED: AddonManager is not initialized
JavaScript error: resource:///modules/WindowsJumpLists.jsm, line 394: NS_ERROR_FILE_NOT_FOUND: Component returned failure code: 0x80520012 (NS_ERROR_FILE_NOT_FOUND) [nsIJumpListShortcut.app]
JavaScript error: resource://gre/modules/FileUtils.jsm, line 70: NS_ERROR_ILLEGAL_VALUE: Component returned failure code: 0x80070057 (NS_ERROR_ILLEGAL_VALUE) [nsIFile.create]
JavaScript error: resource:///modules/WindowsJumpLists.jsm, line 394: NS_ERROR_FILE_NOT_FOUND: Component returned failure code: 0x80520012 (NS_ERROR_FILE_NOT_FOUND) [nsIJumpListShortcut.app]
JavaScript error: resource:///modules/WindowsJumpLists.jsm, line 394: NS_ERROR_FILE_NOT_FOUND: Component returned failure code: 0x80520012 (NS_ERROR_FILE_NOT_FOUND) [nsIJumpListShortcut.app]
JavaScript error: resource:///modules/WindowsJumpLists.jsm, line 394: NS_ERROR_FILE_NOT_FOUND: Component returned failure code: 0x80520012 (NS_ERROR_FILE_NOT_FOUND) [nsIJumpListShortcut.app]
JavaScript error: resource:///modules/WindowsJumpLists.jsm, line 394: NS_ERROR_FILE_NOT_FOUND: Component returned failure code: 0x80520012 (NS_ERROR_FILE_NOT_FOUND) [nsIJumpListShortcut.app]
JavaScript error: resource:///modules/WindowsJumpLists.jsm, line 394: NS_ERROR_FILE_NOT_FOUND: Component returned failure code: 0x80520012 (NS_ERROR_FILE_NOT_FOUND) [nsIJumpListShortcut.app]
JavaScript error: resource:///modules/WindowsJumpLists.jsm, line 394: NS_ERROR_FILE_NOT_FOUND: Component returned failure code: 0x80520012 (NS_ERROR_FILE_NOT_FOUND) [nsIJumpListShortcut.app]
JavaScript error: resource:///modules/WindowsJumpLists.jsm, line 394: NS_ERROR_FILE_NOT_FOUND: Component returned failure code: 0x80520012 (NS_ERROR_FILE_NOT_FOUND) [nsIJumpListShortcut.app]
JavaScript error: resource:///modules/WindowsJumpLists.jsm, line 394: NS_ERROR_FILE_NOT_FOUND: Component returned failure code: 0x80520012 (NS_ERROR_FILE_NOT_FOUND) [nsIJumpListShortcut.app]
JavaScript error: resource:///modules/WindowsJumpLists.jsm, line 394: NS_ERROR_FILE_NOT_FOUND: Component returned failure code: 0x80520012 (NS_ERROR_FILE_NOT_FOUND) [nsIJumpListShortcut.app]
JavaScript error: resource:///modules/WindowsJumpLists.jsm, line 394: NS_ERROR_FILE_NOT_FOUND: Component returned failure code: 0x80520012 (NS_ERROR_FILE_NOT_FOUND) [nsIJumpListShortcut.app]
JavaScript error: resource:///modules/WindowsJumpLists.jsm, line 394: NS_ERROR_FILE_NOT_FOUND: Component returned failure code: 0x80520012 (NS_ERROR_FILE_NOT_FOUND) [nsIJumpListShortcut.app]
JavaScript error: resource:///modules/WindowsJumpLists.jsm, line 394: NS_ERROR_FILE_NOT_FOUND: Component returned failure code: 0x80520012 (NS_ERROR_FILE_NOT_FOUND) [nsIJumpListShortcut.app]
JavaScript error: resource:///modules/WindowsJumpLists.jsm, line 394: NS_ERROR_FILE_NOT_FOUND: Component returned failure code: 0x80520012 (NS_ERROR_FILE_NOT_FOUND) [nsIJumpListShortcut.app]
JavaScript error: resource:///modules/WindowsJumpLists.jsm, line 394: NS_ERROR_FILE_NOT_FOUND: Component returned failure code: 0x80520012 (NS_ERROR_FILE_NOT_FOUND) [nsIJumpListShortcut.app]
JavaScript error: resource:///modules/WindowsJumpLists.jsm, line 394: NS_ERROR_FILE_NOT_FOUND: Component returned failure code: 0x80520012 (NS_ERROR_FILE_NOT_FOUND) [nsIJumpListShortcut.app]
JavaScript error: resource:///modules/WindowsJumpLists.jsm, line 394: NS_ERROR_FILE_NOT_FOUND: Component returned failure code: 0x80520012 (NS_ERROR_FILE_NOT_FOUND) [nsIJumpListShortcut.app]
JavaScript error: resource:///modules/WindowsJumpLists.jsm, line 394: NS_ERROR_FILE_NOT_FOUND: Component returned failure code: 0x80520012 (NS_ERROR_FILE_NOT_FOUND) [nsIJumpListShortcut.app]
JavaScript error: resource:///modules/WindowsJumpLists.jsm, line 394: NS_ERROR_FILE_NOT_FOUND: Component returned failure code: 0x80520012 (NS_ERROR_FILE_NOT_FOUND) [nsIJumpListShortcut.app]
JavaScript error: resource:///modules/WindowsJumpLists.jsm, line 394: NS_ERROR_FILE_NOT_FOUND: Component returned failure code: 0x80520012 (NS_ERROR_FILE_NOT_FOUND) [nsIJumpListShortcut.app]
1505730797403	geckodriver	INFO	Listening on 127.0.0.1:64594
1505730799597	geckodriver::marionette	INFO	Starting browser \\?\C:\Program Files (x86)\Mozilla Firefox\firefox.exe with args ["-marionette"]
1505730799888	addons.manager	ERROR	startup failed: [Exception... "Component returned failure code: 0x80070057 (NS_ERROR_ILLEGAL_VALUE) [nsIFile.create]"  nsresult: "0x80070057 (NS_ERROR_ILLEGAL_VALUE)"  location: "JS frame :: resource://gre/modules/FileUtils.jsm :: FileUtils_getDir :: line 70"  data: no] Stack trace: FileUtils_getDir()@resource://gre/modules/FileUtils.jsm:70 < FileUtils_getFile()@resource://gre/modules/FileUtils.jsm:42 < validateBlocklist()@resource://gre/modules/AddonManager.jsm:656 < startup()@resource://gre/modules/AddonManager.jsm:816 < startup()@resource://gre/modules/AddonManager.jsm:3122 < observe()@jar:file://///%3F/C:/Program%20Files%20(x86)/Mozilla%20Firefox/omni.ja!/components/addonManager.js:65
JavaScript error: resource://gre/modules/AddonManager.jsm, line 1596: NS_ERROR_NOT_INITIALIZED: AddonManager is not initialized
1505730800392	Marionette	INFO	Enabled via --marionette
JavaScript error: resource://gre/modules/AddonManager.jsm, line 2465: NS_ERROR_NOT_INITIALIZED: AddonManager is not initialized
JavaScript error: resource://gre/modules/AddonManager.jsm, line 3137: TypeError: AddonManagerInternal._getProviderByName(...) is undefined
1505730805222	Marionette	INFO	Listening on port 64601
1505730805281	Marionette	INFO	Listening on port 64601
1505730805486	Marionette	WARN	TLS certificate errors will be ignored for this session
1505730824430	Marionette	INFO	New connections will no longer be accepted
1505906664927	geckodriver	INFO	Listening on 127.0.0.1:59485
1505906667132	geckodriver::marionette	INFO	Starting browser \\?\C:\Program Files (x86)\Mozilla Firefox\firefox.exe with args ["-marionette"]
1505906667401	addons.manager	ERROR	startup failed: [Exception... "Component returned failure code: 0x80070057 (NS_ERROR_ILLEGAL_VALUE) [nsIFile.create]"  nsresult: "0x80070057 (NS_ERROR_ILLEGAL_VALUE)"  location: "JS frame :: resource://gre/modules/FileUtils.jsm :: FileUtils_getDir :: line 70"  data: no] Stack trace: FileUtils_getDir()@resource://gre/modules/FileUtils.jsm:70 < FileUtils_getFile()@resource://gre/modules/FileUtils.jsm:42 < validateBlocklist()@resource://gre/modules/AddonManager.jsm:656 < startup()@resource://gre/modules/AddonManager.jsm:816 < startup()@resource://gre/modules/AddonManager.jsm:3122 < observe()@jar:file://///%3F/C:/Program%20Files%20(x86)/Mozilla%20Firefox/omni.ja!/components/addonManager.js:65
JavaScript error: resource://gre/modules/AddonManager.jsm, line 1596: NS_ERROR_NOT_INITIALIZED: AddonManager is not initialized
1505906667973	Marionette	INFO	Enabled via --marionette
JavaScript error: resource://gre/modules/AddonManager.jsm, line 2465: NS_ERROR_NOT_INITIALIZED: AddonManager is not initialized
JavaScript error: resource://gre/modules/AddonManager.jsm, line 3137: TypeError: AddonManagerInternal._getProviderByName(...) is undefined
1505906672021	Marionette	INFO	Listening on port 59491
1505906672214	Marionette	INFO	Listening on port 59491
1505906672512	Marionette	WARN	TLS certificate errors will be ignored for this session
1505906745146	geckodriver	INFO	Listening on 127.0.0.1:59611
1505906747254	geckodriver::marionette	INFO	Starting browser \\?\C:\Program Files (x86)\Mozilla Firefox\firefox.exe with args ["-marionette"]
1505906747512	addons.manager	ERROR	startup failed: [Exception... "Component returned failure code: 0x80070057 (NS_ERROR_ILLEGAL_VALUE) [nsIFile.create]"  nsresult: "0x80070057 (NS_ERROR_ILLEGAL_VALUE)"  location: "JS frame :: resource://gre/modules/FileUtils.jsm :: FileUtils_getDir :: line 70"  data: no] Stack trace: FileUtils_getDir()@resource://gre/modules/FileUtils.jsm:70 < FileUtils_getFile()@resource://gre/modules/FileUtils.jsm:42 < validateBlocklist()@resource://gre/modules/AddonManager.jsm:656 < startup()@resource://gre/modules/AddonManager.jsm:816 < startup()@resource://gre/modules/AddonManager.jsm:3122 < observe()@jar:file://///%3F/C:/Program%20Files%20(x86)/Mozilla%20Firefox/omni.ja!/components/addonManager.js:65
JavaScript error: resource://gre/modules/AddonManager.jsm, line 1596: NS_ERROR_NOT_INITIALIZED: AddonManager is not initialized
1505906747977	Marionette	INFO	Enabled via --marionette
JavaScript error: resource://gre/modules/AddonManager.jsm, line 2465: NS_ERROR_NOT_INITIALIZED: AddonManager is not initialized
JavaScript error: resource://gre/modules/AddonManager.jsm, line 3137: TypeError: AddonManagerInternal._getProviderByName(...) is undefined
1505906751691	Marionette	INFO	Listening on port 59618
1505906751749	Marionette	INFO	Listening on port 59618
1505906752568	Marionette	WARN	TLS certificate errors will be ignored for this session
1505906798528	geckodriver	INFO	Listening on 127.0.0.1:59726
1505906800648	geckodriver::marionette	INFO	Starting browser \\?\C:\Program Files (x86)\Mozilla Firefox\firefox.exe with args ["-marionette"]
1505906800916	addons.manager	ERROR	startup failed: [Exception... "Component returned failure code: 0x80070057 (NS_ERROR_ILLEGAL_VALUE) [nsIFile.create]"  nsresult: "0x80070057 (NS_ERROR_ILLEGAL_VALUE)"  location: "JS frame :: resource://gre/modules/FileUtils.jsm :: FileUtils_getDir :: line 70"  data: no] Stack trace: FileUtils_getDir()@resource://gre/modules/FileUtils.jsm:70 < FileUtils_getFile()@resource://gre/modules/FileUtils.jsm:42 < validateBlocklist()@resource://gre/modules/AddonManager.jsm:656 < startup()@resource://gre/modules/AddonManager.jsm:816 < startup()@resource://gre/modules/AddonManager.jsm:3122 < observe()@jar:file://///%3F/C:/Program%20Files%20(x86)/Mozilla%20Firefox/omni.ja!/components/addonManager.js:65
JavaScript error: resource://gre/modules/AddonManager.jsm, line 1596: NS_ERROR_NOT_INITIALIZED: AddonManager is not initialized
1505906801453	Marionette	INFO	Enabled via --marionette
JavaScript error: resource://gre/modules/AddonManager.jsm, line 2465: NS_ERROR_NOT_INITIALIZED: AddonManager is not initialized
JavaScript error: resource://gre/modules/AddonManager.jsm, line 3137: TypeError: AddonManagerInternal._getProviderByName(...) is undefined
1505906804949	Marionette	INFO	Listening on port 59733
1505906804964	Marionette	INFO	Listening on port 59733
1505906805955	Marionette	WARN	TLS certificate errors will be ignored for this session
1505906848773	Marionette	INFO	New connections will no longer be accepted
1505906895808	geckodriver	INFO	Listening on 127.0.0.1:59872
1505906897903	geckodriver::marionette	INFO	Starting browser \\?\C:\Program Files (x86)\Mozilla Firefox\firefox.exe with args ["-marionette"]
1505906898173	addons.manager	ERROR	startup failed: [Exception... "Component returned failure code: 0x80070057 (NS_ERROR_ILLEGAL_VALUE) [nsIFile.create]"  nsresult: "0x80070057 (NS_ERROR_ILLEGAL_VALUE)"  location: "JS frame :: resource://gre/modules/FileUtils.jsm :: FileUtils_getDir :: line 70"  data: no] Stack trace: FileUtils_getDir()@resource://gre/modules/FileUtils.jsm:70 < FileUtils_getFile()@resource://gre/modules/FileUtils.jsm:42 < validateBlocklist()@resource://gre/modules/AddonManager.jsm:656 < startup()@resource://gre/modules/AddonManager.jsm:816 < startup()@resource://gre/modules/AddonManager.jsm:3122 < observe()@jar:file://///%3F/C:/Program%20Files%20(x86)/Mozilla%20Firefox/omni.ja!/components/addonManager.js:65
JavaScript error: resource://gre/modules/AddonManager.jsm, line 1596: NS_ERROR_NOT_INITIALIZED: AddonManager is not initialized
1505906898632	Marionette	INFO	Enabled via --marionette
JavaScript error: resource://gre/modules/AddonManager.jsm, line 2465: NS_ERROR_NOT_INITIALIZED: AddonManager is not initialized
JavaScript error: resource://gre/modules/AddonManager.jsm, line 3137: TypeError: AddonManagerInternal._getProviderByName(...) is undefined
1505906902260	Marionette	INFO	Listening on port 59879
1505906902302	Marionette	INFO	Listening on port 59879
1505906903302	Marionette	WARN	TLS certificate errors will be ignored for this session
JavaScript error: resource:///modules/WindowsJumpLists.jsm, line 394: NS_ERROR_FILE_NOT_FOUND: Component returned failure code: 0x80520012 (NS_ERROR_FILE_NOT_FOUND) [nsIJumpListShortcut.app]
JavaScript error: resource:///modules/WindowsJumpLists.jsm, line 394: NS_ERROR_FILE_NOT_FOUND: Component returned failure code: 0x80520012 (NS_ERROR_FILE_NOT_FOUND) [nsIJumpListShortcut.app]
JavaScript error: resource:///modules/WindowsJumpLists.jsm, line 394: NS_ERROR_FILE_NOT_FOUND: Component returned failure code: 0x80520012 (NS_ERROR_FILE_NOT_FOUND) [nsIJumpListShortcut.app]
JavaScript error: resource:///modules/WindowsJumpLists.jsm, line 394: NS_ERROR_FILE_NOT_FOUND: Component returned failure code: 0x80520012 (NS_ERROR_FILE_NOT_FOUND) [nsIJumpListShortcut.app]
JavaScript error: resource://gre/modules/AddonManager.jsm, line 1359: NS_ERROR_NOT_INITIALIZED: AddonManager is not initialized
JavaScript error: resource:///modules/WindowsJumpLists.jsm, line 394: NS_ERROR_FILE_NOT_FOUND: Component returned failure code: 0x80520012 (NS_ERROR_FILE_NOT_FOUND) [nsIJumpListShortcut.app]
JavaScript error: resource://gre/modules/FileUtils.jsm, line 70: NS_ERROR_ILLEGAL_VALUE: Component returned failure code: 0x80070057 (NS_ERROR_ILLEGAL_VALUE) [nsIFile.create]
JavaScript error: resource:///modules/WindowsJumpLists.jsm, line 394: NS_ERROR_FILE_NOT_FOUND: Component returned failure code: 0x80520012 (NS_ERROR_FILE_NOT_FOUND) [nsIJumpListShortcut.app]
	Marionette	INFO	Listening on port 59986
1505906943143	Marionette	WARN	TLS certificate errors will be ignored for this session
JavaScript error: resource:///modules/WindowsJumpLists.jsm, line 394: NS_ERROR_FILE_NOT_FOUND: Component returned failure code: 0x80520012 (NS_ERROR_FILE_NOT_FOUND) [nsIJumpListShortcut.app]
JavaScript error: resource:///modules/WindowsJumpLists.jsm, line 394: NS_ERROR_FILE_NOT_FOUND: Component returned failure code: 0x80520012 (NS_ERROR_FILE_NOT_FOUND) [nsIJumpListShortcut.app]
JavaScript error: resource:///modules/WindowsJumpLists.jsm, line 394: NS_ERROR_FILE_NOT_FOUND: Component returned failure code: 0x80520012 (NS_ERROR_FILE_NOT_FOUND) [nsIJumpListShortcut.app]
JavaScript error: resource:///modules/WindowsJumpLists.jsm, line 394: NS_ERROR_FILE_NOT_FOUND: Component returned failure code: 0x80520012 (NS_ERROR_FILE_NOT_FOUND) [nsIJumpListShortcut.app]
JavaScript error: resource://gre/modules/AddonManager.jsm, line 1359: NS_ERROR_NOT_INITIALIZED: AddonManager is not initialized
JavaScript error: resource:///modules/WindowsJumpLists.jsm, line 394: NS_ERROR_FILE_NOT_FOUND: Component returned failure code: 0x80520012 (NS_ERROR_FILE_NOT_FOUND) [nsIJumpListShortcut.app]
JavaScript error: resource://gre/modules/FileUtils.jsm, line 70: NS_ERROR_ILLEGAL_VALUE: Component returned failure code: 0x80070057 (NS_ERROR_ILLEGAL_VALUE) [nsIFile.create]
JavaScript error: resource:///modules/WindowsJumpLists.jsm, line 394: NS_ERROR_FILE_NOT_FOUND: Component returned failure code: 0x80520012 (NS_ERROR_FILE_NOT_FOUND) [nsIJumpListShortcut.app]
6334	Marionette	INFO	Enabled via --marionette
JavaScript error: resource://gre/modules/AddonManager.jsm, line 2465: NS_ERROR_NOT_INITIALIZED: AddonManager is not initialized
JavaScript error: resource://gre/modules/AddonManager.jsm, line 3137: TypeError: AddonManagerInternal._getProviderByName(...) is undefined
1505907240317	Marionette	INFO	Listening on port 60195
1505907240685	Marionette	INFO	Listening on port 60195
1505907240751	Marionette	WARN	TLS certificate errors will be ignored for this session
JavaScript error: resource:///modules/WindowsJumpLists.jsm, line 394: NS_ERROR_FILE_NOT_FOUND: Component returned failure code: 0x80520012 (NS_ERROR_FILE_NOT_FOUND) [nsIJumpListShortcut.app]
JavaScript error: resource:///modules/WindowsJumpLists.jsm, line 394: NS_ERROR_FILE_NOT_FOUND: Component returned failure code: 0x80520012 (NS_ERROR_FILE_NOT_FOUND) [nsIJumpListShortcut.app]
JavaScript error: resource:///modules/WindowsJumpLists.jsm, line 394: NS_ERROR_FILE_NOT_FOUND: Component returned failure code: 0x80520012 (NS_ERROR_FILE_NOT_FOUND) [nsIJumpListShortcut.app]
70 < FileUtils_getFile()@resource://gre/modules/FileUtils.jsm:42 < validateBlocklist()@resource://gre/modules/AddonManager.jsm:656 < startup()@resource://gre/modules/AddonManager.jsm:816 < startup()@resource://gre/modules/AddonManager.jsm:3122 < observe()@jar:file://///%3F/C:/Program%20Files%20(x86)/Mozilla%20Firefox/omni.ja!/components/addonManager.js:65
JavaScript error: resource://gre/modules/AddonManager.jsm, line 1596: NS_ERROR_NOT_INITIALIZED: AddonManager is not initialized
1505907278566	Marionette	INFO	Enabled via --marionette
JavaScript error: resource://gre/modules/AddonManager.jsm, line 2465: NS_ERROR_NOT_INITIALIZED: AddonManager is not initialized
JavaScript error: resource://gre/modules/AddonManager.jsm, line 3137: TypeError: AddonManagerInternal._getProviderByName(...) is undefined
1505907282405	Marionette	INFO	Listening on port 60314
1505907282447	Marionette	INFO	Listening on port 60314
1505907282475	Marionette	WARN	TLS certificate errors will be ignored for this session
JavaScript error: resource:///modules/WindowsJumpLists.jsm, line 394: NS_ERROR_FILE_NOT_FOUND: Component returned failure code: 0x80520012 (NS_ERROR_FILE_NOT_FOUND) [nsIJumpListShortcut.app]
JavaScript error: resource:///modules/WindowsJumpLists.jsm, line 394: NS_ERROR_FILE_NOT_FOUND: Component returned failure code: 0x80520012 (NS_ERROR_FILE_NOT_FOUND) [nsIJumpListShortcut.app]
JavaScript error: resource:///modules/WindowsJumpLists.jsm, line 394: NS_ERROR_FILE_NOT_FOUND: Component returned failure code: 0x80520012 (NS_ERROR_FILE_NOT_FOUND) [nsIJumpListShortcut.app]
1505910965149	geckodriver	INFO	Listening on 127.0.0.1:62352
1505910967239	geckodriver::marionette	INFO	Starting browser \\?\C:\Program Files (x86)\Mozilla Firefox\firefox.exe with args ["-marionette"]
1505910967551	addons.manager	ERROR	startup failed: [Exception... "Component returned failure code: 0x80070057 (NS_ERROR_ILLEGAL_VALUE) [nsIFile.create]"  nsresult: "0x80070057 (NS_ERROR_ILLEGAL_VALUE)"  location: "JS frame :: resource://gre/modules/FileUtils.jsm :: FileUtils_getDir :: line 70"  data: no] Stack trace: FileUtils_getDir()@resource://gre/modules/FileUtils.jsm:70 < FileUtils_getFile()@resource://gre/modules/FileUtils.jsm:42 < validateBlocklist()@resource://gre/modules/AddonManager.jsm:656 < startup()@resource://gre/modules/AddonManager.jsm:816 < startup()@resource://gre/modules/AddonManager.jsm:3122 < observe()@jar:file://///%3F/C:/Program%20Files%20(x86)/Mozilla%20Firefox/omni.ja!/components/addonManager.js:65
JavaScript error: resource://gre/modules/AddonManager.jsm, line 1596: NS_ERROR_NOT_INITIALIZED: AddonManager is not initialized
1505910968093	Marionette	INFO	Enabled via --marionette
JavaScript error: resource://gre/modules/AddonManager.jsm, line 2465: NS_ERROR_NOT_INITIALIZED: AddonManager is not initialized
JavaScript error: resource://gre/modules/AddonManager.jsm, line 3137: TypeError: AddonManagerInternal._getProviderByName(...) is undefined
1505910971901	Marionette	INFO	Listening on port 62358
1505910971925	Marionette	INFO	Listening on port 62358
1505910972595	Marionette	WARN	TLS certificate errors will be ignored for this session
JavaScript error: https://www.linkedin.com/cws/followcompany?companyIdentifier=2851534&counterPosition=right&original_referer=https%3A%2F%2Fwww.hackerearth.com%2Fsprint%2F&token=&isFramed=false&lang=en_US&_ts=1505910976802.9531&xd_origin_host=https%3A%2F%2Fwww.hackerearth.com, line 220: ReferenceError: Sslac is not defined
JavaScript error: https://www.linkedin.com/cws/followcompany?companyIdentifier=2851534&counterPosition=right&original_referer=https%3A%2F%2Fwww.hackerearth.com%2Fsprint%2F&token=&isFramed=false&lang=en_US&_ts=1505910976802.9531&xd_origin_host=https%3A%2F%2Fwww.hackerearth.com, line 516: ReferenceError: YDom is not defined
JavaScript error: https://www.linkedin.com/cws/followcompany?companyIdentifier=2851534&counterPosition=right&original_referer=https%3A%2F%2Fwww.hackerearth.com%2Fsprint%2F&token=&isFramed=false&lang=en_US&_ts=1505910976802.9531&xd_origin_host=https%3A%2F%2Fwww.hackerearth.com, line 799: ReferenceError: LI is not defined
JavaScript error: https://www.linkedin.com/cws/followcompany?companyIdentifier=2851534&counterPosition=right&original_referer=https%3A%2F%2Fwww.hackerearth.com%2Fsprint%2F&token=&isFramed=false&lang=en_US&_ts=1505910976802.9531&xd_origin_host=https%3A%2F%2Fwww.hackerearth.com, line 904: ReferenceError: LI_WCT is not defined
JavaScript error: https://static.licdn.com/scds/concat/common/js?h=b04y4p1rkdv631n988yzucz8q, line 1: ReferenceError: LI is not defined
JavaScript error: https://www.linkedin.com/cws/followcompany?companyIdentifier=2851534&counterPosition=right&original_referer=https%3A%2F%2Fwww.hackerearth.com%2Fsprint%2F&token=&isFramed=false&lang=en_US&_ts=1505910976802.9531&xd_origin_host=https%3A%2F%2Fwww.hackerearth.com, line 1028: ReferenceError: LI is not defined
1508829552208	geckodriver	INFO	Listening on 127.0.0.1:62049
1508829554471	geckodriver::marionette	INFO	Starting browser \\?\C:\Program Files (x86)\Mozilla Firefox\firefox.exe with args ["-marionette"]
1508829554920	addons.manager	ERROR	startup failed: [Exception... "Component returned failure code: 0x80070057 (NS_ERROR_ILLEGAL_VALUE) [nsIFile.create]"  nsresult: "0x80070057 (NS_ERROR_ILLEGAL_VALUE)"  location: "JS frame :: resource://gre/modules/FileUtils.jsm :: FileUtils_getDir :: line 70"  data: no] Stack trace: FileUtils_getDir()@resource://gre/modules/FileUtils.jsm:70 < FileUtils_getFile()@resource://gre/modules/FileUtils.jsm:42 < validateBlocklist()@resource://gre/modules/AddonManager.jsm:656 < startup()@resource://gre/modules/AddonManager.jsm:816 < startup()@resource://gre/modules/AddonManager.jsm:3122 < observe()@jar:file://///%3F/C:/Program%20Files%20(x86)/Mozilla%20Firefox/omni.ja!/components/addonManager.js:65
JavaScript error: resource://gre/modules/AddonManager.jsm, line 1596: NS_ERROR_NOT_INITIALIZED: AddonManager is not initialized
1508829555666	Marionette	INFO	Enabled via --marionette
JavaScript error: resource://gre/modules/AddonManager.jsm, line 2465: NS_ERROR_NOT_INITIALIZED: AddonManager is not initialized
JavaScript error: resource://gre/modules/AddonManager.jsm, line 3137: TypeError: AddonManagerInternal._getProviderByName(...) is undefined
1508829561494	Marionette	INFO	Listening on port 62055
1508829561665	Marionette	INFO	Listening on port 62055
1508829562185	Marionette	WARN	TLS certificate errors will be ignored for this session
JavaScript error: resource:///modules/WindowsJumpLists.jsm, line 394: NS_ERROR_FILE_NOT_FOUND: Component returned failure code: 0x80520012 (NS_ERROR_FILE_NOT_FOUND) [nsIJumpListShortcut.app]
JavaScript error: resource:///modules/WindowsJumpLists.jsm, line 394: NS_ERROR_FILE_NOT_FOUND: Component returned failure code: 0x80520012 (NS_ERROR_FILE_NOT_FOUND) [nsIJumpListShortcut.app]
JavaScript error: resource:///modules/WindowsJumpLists.jsm, line 394: NS_ERROR_FILE_NOT_FOUND: Component returned failure code: 0x80520012 (NS_ERROR_FILE_NOT_FOUND) [nsIJumpListShortcut.app]
JavaScript error: resource:///modules/WindowsJumpLists.jsm, line 394: NS_ERROR_FILE_NOT_FOUND: Component returned failure code: 0x80520012 (NS_ERROR_FILE_NOT_FOUND) [nsIJumpListShortcut.app]
JavaScript error: resource://gre/modules/AddonManager.jsm, line 1359: NS_ERROR_NOT_INITIALIZED: AddonManager is not initialized
JavaScript error: resource:///modules/WindowsJumpLists.jsm, line 394: NS_ERROR_FILE_NOT_FOUND: Component returned failure code: 0x80520012 (NS_ERROR_FILE_NOT_FOUND) [nsIJumpListShortcut.app]
JavaScript error: resource://gre/modules/FileUtils.jsm, line 70: NS_ERROR_ILLEGAL_VALUE: Component returned failure code: 0x80070057 (NS_ERROR_ILLEGAL_VALUE) [nsIFile.create]
JavaScript error: resource:///modules/WindowsJumpLists.jsm, line 394: NS_ERROR_FILE_NOT_FOUND: Component returned failure code: 0x80520012 (NS_ERROR_FILE_NOT_FOUND) [nsIJumpListShortcut.app]
JavaScript error: resource:///modules/WindowsJumpLists.jsm, line 394: NS_ERROR_FILE_NOT_FOUND: Component returned failure code: 0x80520012 (NS_ERROR_FILE_NOT_FOUND) [nsIJumpListShortcut.app]
JavaScript error: resource:///modules/WindowsJumpLists.jsm, line 394: NS_ERROR_FILE_NOT_FOUND: Component returned failure code: 0x80520012 (NS_ERROR_FILE_NOT_FOUND) [nsIJumpListShortcut.app]
JavaScript error: resource:///modules/WindowsJumpLists.jsm, line 394: NS_ERROR_FILE_NOT_FOUND: Component returned failure code: 0x80520012 (NS_ERROR_FILE_NOT_FOUND) [nsIJumpListShortcut.app]
JavaScript error: resource:///modules/WindowsJumpLists.jsm, line 394: NS_ERROR_FILE_NOT_FOUND: Component returned failure code: 0x80520012 (NS_ERROR_FILE_NOT_FOUND) [nsIJumpListShortcut.app]
JavaScript error: resource:///modules/WindowsJumpLists.jsm, line 394: NS_ERROR_FILE_NOT_FOUND: Component returned failure code: 0x80520012 (NS_ERROR_FILE_NOT_FOUND) [nsIJumpListShortcut.app]
JavaScript error: resource:///modules/WindowsJumpLists.jsm, line 394: NS_ERROR_FILE_NOT_FOUND: Component returned failure code: 0x80520012 (NS_ERROR_FILE_NOT_FOUND) [nsIJumpListShortcut.app]
JavaScript error: resource:///modules/WindowsJumpLists.jsm, line 394: NS_ERROR_FILE_NOT_FOUND: Component returned failure code: 0x80520012 (NS_ERROR_FILE_NOT_FOUND) [nsIJumpListShortcut.app]
JavaScript error: resource:///modules/WindowsJumpLists.jsm, line 394: NS_ERROR_FILE_NOT_FOUND: Component returned failure code: 0x80520012 (NS_ERROR_FILE_NOT_FOUND) [nsIJumpListShortcut.app]
JavaScript error: resource:///modules/WindowsJumpLists.jsm, line 394: NS_ERROR_FILE_NOT_FOUND: Component returned failure code: 0x80520012 (NS_ERROR_FILE_NOT_FOUND) [nsIJumpListShortcut.app]
JavaScript error: resource:///modules/WindowsJumpLists.jsm, line 394: NS_ERROR_FILE_NOT_FOUND: Component returned failure code: 0x80520012 (NS_ERROR_FILE_NOT_FOUND) [nsIJumpListShortcut.app]
JavaScript error: resource:///modules/WindowsJumpLists.jsm, line 394: NS_ERROR_FILE_NOT_FOUND: Component returned failure code: 0x80520012 (NS_ERROR_FILE_NOT_FOUND) [nsIJumpListShortcut.app]
JavaScript error: resource:///modules/WindowsJumpLists.jsm, line 394: NS_ERROR_FILE_NOT_FOUND: Component returned failure code: 0x80520012 (NS_ERROR_FILE_NOT_FOUND) [nsIJumpListShortcut.app]
JavaScript error: resource:///modules/WindowsJumpLists.jsm, line 394: NS_ERROR_FILE_NOT_FOUND: Component returned failure code: 0x80520012 (NS_ERROR_FILE_NOT_FOUND) [nsIJumpListShortcut.app]
JavaScript error: resource:///modules/WindowsJumpLists.jsm, line 394: NS_ERROR_FILE_NOT_FOUND: Component returned failure code: 0x80520012 (NS_ERROR_FILE_NOT_FOUND) [nsIJumpListShortcut.app]
